Arguments: 
  /usr/local/Cellar/node/8.9.1/bin/node /usr/local/Cellar/yarn/1.3.2/libexec/bin/yarn.js

PATH: 
  /usr/local/sbin:/usr/local/bin:/usr/bin:/bin:/usr/sbin:/sbin:/Applications/Wireshark.app/Contents/MacOS

Yarn version: 
  1.3.2

Node version: 
  8.9.1

Platform: 
  darwin x64

npm manifest: 
  {
    "name": "Exchange",
    "version": "1.0.0",
    "description": "Exchange figurines",
    "author": "aramu",
    "license": "ISC",
    "main": "index.js",
    "repository": {
      "type": "git",
      "url": ""
    },
    "scripts": {
      "start": "webpack-dev-server --progress --config webpack.config.local.js",
      "build:dev": "rimraf dist && webpack --config webpack.config.dev.js --progress --profile --colors",
      "build:prod": "rimraf dist && webpack --config webpack.config.prod.js --progress --profile --colors",
      "nibble": "eslint-nibble src/",
      "ncu": "npm-check-updates --upgradeAll",
      "clean": "rimraf node_modules yarn.lock",
      "test": "echo \"Error: no test specified\" && exit 1"
    },
    "devDependencies": {
      "autoprefixer": "^7.2.1",
      "autosize": "^4.0.0",
      "babel-cli": "^6.26.0",
      "babel-core": "^6.26.0",
      "babel-eslint": "^8.0.3",
      "babel-loader": "^7.1.2",
      "babel-preset-env": "^1.6.1",
      "babel-preset-react": "^6.24.1",
      "babel-preset-stage-2": "^6.24.1",
      "compression-webpack-plugin": "^1.0.1",
      "css-loader": "^0.28.7",
      "eslint": "^4.12.1",
      "eslint-config-airbnb": "^16.1.0",
      "eslint-loader": "^1.9.0",
      "eslint-nibble": "^4.2.1",
      "eslint-plugin-import": "^2.8.0",
      "eslint-plugin-jsx-a11y": "^6.0.2",
      "eslint-plugin-react": "^7.5.1",
      "extract-text-webpack-plugin": "^3.0.2",
      "file-loader": "^1.1.5",
      "history": "^4.7.2",
      "html-webpack-plugin": "^2.30.1",
      "linkifyjs": "^2.1.5",
      "moment": "2.19.3",
      "node-sass": "^4.7.2",
      "postcss-loader": "^2.0.9",
      "react-hot-loader": "^3.1.3",
      "rimraf": "^2.6.2",
      "sass-loader": "^6.0.6",
      "style-loader": "^0.19.0",
      "superagent": "^3.8.1",
      "url-loader": "^0.6.2",
      "webpack": "^3.9.1",
      "webpack-auto-inject-version": "^1.0.0",
      "webpack-bundle-analyzer": "^2.9.1",
      "webpack-dev-server": "^2.9.5",
      "webpack-monitor": "^1.0.13"
    },
    "dependencies": {
      "bulma": "^0.6.1",
      "prop-types": "^15.6.0",
      "react": "^16.2.0",
      "react-dom": "^16.2.0",
      "react-redux": "^5.0.6",
      "react-router-dom": "^4.2.2",
      "react-web-notification": "^0.3.1",
      "redux": "^3.7.2",
      "redux-logger": "^3.0.6",
      "redux-thunk": "^2.2.0"
    }
  }

yarn manifest: 
  No manifest

Lockfile: 
  No lockfile

Trace: 
  Error: https://registry.yarnpkg.com/@babel%2fgenerator: ESOCKETTIMEDOUT
      at ClientRequest.<anonymous> (/usr/local/Cellar/yarn/1.3.2/libexec/lib/cli.js:123716:19)
      at Object.onceWrapper (events.js:313:30)
      at emitNone (events.js:106:13)
      at ClientRequest.emit (events.js:208:7)
      at TLSSocket.emitTimeout (_http_client.js:708:34)
      at Object.onceWrapper (events.js:313:30)
      at emitNone (events.js:106:13)
      at TLSSocket.emit (events.js:208:7)
      at TLSSocket.Socket._onTimeout (net.js:407:8)
      at ontimeout (timers.js:475:11)
